

***********************************************************************
Fatal NI connect error 12541, connecting to:
 (DESCRIPTION=(ADDRESS=(PROTOCOL=TCP)(HOST=aalo)(PORT=1521))(CONNECT_DATA=(SERVER=DEDICATED)(SERVICE_NAME=aalo)(CID=(PROGRAM=E:\DevSuiteHome_1\bin\frmweb.exe)(HOST=AALO)(USER=aalo))))

  VERSION INFORMATION:
	TNS for 32-bit Windows: Version 10.1.0.4.0 - Production
	Windows NT TCP/IP NT Protocol Adapter for 32-bit Windows: Version 10.1.0.4.0 - Production
  Time: 06-AUG-2016 20:35:23
  Tracing not turned on.
  Tns error struct:
    ns main err code: 12541
    TNS-12541: TNS:no listener
    ns secondary err code: 12560
    nt main err code: 511
    TNS-00511: No listener
    nt secondary err code: 61
    nt OS err code: 0


***********************************************************************
Fatal NI connect error 12541, connecting to:
 (DESCRIPTION=(ADDRESS=(PROTOCOL=TCP)(HOST=aalo)(PORT=1521))(CONNECT_DATA=(SERVER=DEDICATED)(SERVICE_NAME=aalo)(CID=(PROGRAM=E:\DevSuiteHome_1\bin\frmweb.exe)(HOST=AALO)(USER=aalo))))

  VERSION INFORMATION:
	TNS for 32-bit Windows: Version 10.1.0.4.0 - Production
	Windows NT TCP/IP NT Protocol Adapter for 32-bit Windows: Version 10.1.0.4.0 - Production
  Time: 06-AUG-2016 20:36:32
  Tracing not turned on.
  Tns error struct:
    ns main err code: 12541
    TNS-12541: TNS:no listener
    ns secondary err code: 12560
    nt main err code: 511
    TNS-00511: No listener
    nt secondary err code: 61
    nt OS err code: 0


***********************************************************************
Fatal NI connect error 12541, connecting to:
 (DESCRIPTION=(ADDRESS=(PROTOCOL=TCP)(HOST=aalo)(PORT=1521))(CONNECT_DATA=(SERVER=DEDICATED)(SERVICE_NAME=aalo)(CID=(PROGRAM=E:\DevSuiteHome_1\bin\frmweb.exe)(HOST=AALO)(USER=aalo))))

  VERSION INFORMATION:
	TNS for 32-bit Windows: Version 10.1.0.4.0 - Production
	Windows NT TCP/IP NT Protocol Adapter for 32-bit Windows: Version 10.1.0.4.0 - Production
  Time: 06-AUG-2016 20:37:59
  Tracing not turned on.
  Tns error struct:
    ns main err code: 12541
    TNS-12541: TNS:no listener
    ns secondary err code: 12560
    nt main err code: 511
    TNS-00511: No listener
    nt secondary err code: 61
    nt OS err code: 0


***********************************************************************
Fatal NI connect error 12514, connecting to:
 (DESCRIPTION=(ADDRESS=(PROTOCOL=TCP)(HOST=aalo)(PORT=1521))(CONNECT_DATA=(SERVER=DEDICATED)(SERVICE_NAME=aalo)(CID=(PROGRAM=E:\DevSuiteHome_1\bin\frmweb.exe)(HOST=AALO)(USER=aalo))))

  VERSION INFORMATION:
	TNS for 32-bit Windows: Version 10.1.0.4.0 - Production
	Windows NT TCP/IP NT Protocol Adapter for 32-bit Windows: Version 10.1.0.4.0 - Production
  Time: 06-AUG-2016 20:39:52
  Tracing not turned on.
  Tns error struct:
    ns main err code: 12564
    TNS-12564: TNS:connection refused
    ns secondary err code: 0
    nt main err code: 0
    nt secondary err code: 0
    nt OS err code: 0
